# JRE version: OpenJDK Runtime Environment (16.0.1+9) (build 16.0.1+9-24)
# Java VM: OpenJDK 64-Bit Server VM (16.0.1+9-24, mixed mode, tiered, compressed oops, compressed class ptrs, g1 gc, windows-amd64)
GC Precious Log:
 CPUs: 4 total, 4 available
 Memory: 8007M
 Large Page Support: Disabled
 NUMA Support: Disabled
 Compressed Oops: Enabled (32-bit)
 Heap Region Size: 1M
 Heap Min Capacity: 8M
 Heap Initial Capacity: 126M
 Heap Max Capacity: 2002M
 Pre-touch: Disabled
 Parallel Workers: 4
 Concurrent Workers: 1
 Concurrent Refinement Workers: 4
 Periodic GC: Disabled
Heap:
 garbage-first heap   total 45056K, used 21678K [0x0000000082e00000, 0x0000000100000000)
  region size 1024K, 2 young (2048K), 2 survivors (2048K)
 Metaspace       used 35617K, committed 35840K, reserved 1081344K
  class space    used 3988K, committed 4096K, reserved 1048576K
GC Heap History (17 events):
Event: 0.609 GC heap before
{Heap before GC invocations=0 (full 0):
 garbage-first heap   total 129024K, used 12288K [0x0000000082e00000, 0x0000000100000000)
  region size 1024K, 13 young (13312K), 0 survivors (0K)
 Metaspace       used 5904K, committed 5952K, reserved 1056768K
  class space    used 492K, committed 512K, reserved 1048576K
}
Event: 0.613 GC heap after
{Heap after GC invocations=1 (full 0):
 garbage-first heap   total 129024K, used 4520K [0x0000000082e00000, 0x0000000100000000)
  region size 1024K, 2 young (2048K), 2 survivors (2048K)
 Metaspace       used 5904K, committed 5952K, reserved 1056768K
  class space    used 492K, committed 512K, reserved 1048576K
}
Event: 1.252 GC heap before
{Heap before GC invocations=1 (full 0):
 garbage-first heap   total 129024K, used 16808K [0x0000000082e00000, 0x0000000100000000)
  region size 1024K, 14 young (14336K), 2 survivors (2048K)
 Metaspace       used 12778K, committed 12928K, reserved 1064960K
  class space    used 1141K, committed 1216K, reserved 1048576K
}
Event: 1.258 GC heap after
{Heap after GC invocations=2 (full 0):
 garbage-first heap   total 129024K, used 7254K [0x0000000082e00000, 0x0000000100000000)
  region size 1024K, 2 young (2048K), 2 survivors (2048K)
 Metaspace       used 12778K, committed 12928K, reserved 1064960K
  class space    used 1141K, committed 1216K, reserved 1048576K
}
Event: 1.702 GC heap before
{Heap before GC invocations=2 (full 0):
 garbage-first heap   total 129024K, used 25686K [0x0000000082e00000, 0x0000000100000000)
  region size 1024K, 20 young (20480K), 2 survivors (2048K)
 Metaspace       used 15720K, committed 15936K, reserved 1064960K
  class space    used 1510K, committed 1600K, reserved 1048576K
}
Event: 1.707 GC heap after
{Heap after GC invocations=3 (full 0):
 garbage-first heap   total 129024K, used 8112K [0x0000000082e00000, 0x0000000100000000)
  region size 1024K, 1 young (1024K), 1 survivors (1024K)
 Metaspace       used 15720K, committed 15936K, reserved 1064960K
  class space    used 1510K, committed 1600K, reserved 1048576K
}
Event: 2.660 GC heap before
{Heap before GC invocations=3 (full 0):
 garbage-first heap   total 129024K, used 62384K [0x0000000082e00000, 0x0000000100000000)
  region size 1024K, 55 young (56320K), 1 survivors (1024K)
 Metaspace       used 21070K, committed 21248K, reserved 1073152K
  class space    used 2124K, committed 2240K, reserved 1048576K
}
Event: 2.669 GC heap after
{Heap after GC invocations=4 (full 0):
 garbage-first heap   total 129024K, used 11196K [0x0000000082e00000, 0x0000000100000000)
  region size 1024K, 4 young (4096K), 4 survivors (4096K)
 Metaspace       used 21070K, committed 21248K, reserved 1073152K
  class space    used 2124K, committed 2240K, reserved 1048576K
}
Event: 3.527 GC heap before
{Heap before GC invocations=5 (full 0):
 garbage-first heap   total 45056K, used 33724K [0x0000000082e00000, 0x0000000100000000)
  region size 1024K, 26 young (26624K), 4 survivors (4096K)
 Metaspace       used 24962K, committed 25152K, reserved 1073152K
  class space    used 2564K, committed 2688K, reserved 1048576K
}
Event: 3.543 GC heap after
{Heap after GC invocations=6 (full 0):
 garbage-first heap   total 45056K, used 14076K [0x0000000082e00000, 0x0000000100000000)
  region size 1024K, 3 young (3072K), 3 survivors (3072K)
 Metaspace       used 24962K, committed 25152K, reserved 1073152K
  class space    used 2564K, committed 2688K, reserved 1048576K
}
Event: 4.047 GC heap before
{Heap before GC invocations=6 (full 0):
 garbage-first heap   total 45056K, used 29436K [0x0000000082e00000, 0x0000000100000000)
  region size 1024K, 18 young (18432K), 3 survivors (3072K)
 Metaspace       used 30652K, committed 30848K, reserved 1081344K
  class space    used 3272K, committed 3392K, reserved 1048576K
}
Event: 4.054 GC heap after
{Heap after GC invocations=7 (full 0):
 garbage-first heap   total 45056K, used 15294K [0x0000000082e00000, 0x0000000100000000)
  region size 1024K, 2 young (2048K), 2 survivors (2048K)
 Metaspace       used 30652K, committed 30848K, reserved 1081344K
  class space    used 3272K, committed 3392K, reserved 1048576K
}
Event: 6.305 GC heap before
{Heap before GC invocations=7 (full 0):
 garbage-first heap   total 45056K, used 29630K [0x0000000082e00000, 0x0000000100000000)
  region size 1024K, 16 young (16384K), 2 survivors (2048K)
 Metaspace       used 34427K, committed 34688K, reserved 1081344K
  class space    used 3808K, committed 3968K, reserved 1048576K
}
Event: 6.312 GC heap after
{Heap after GC invocations=8 (full 0):
 garbage-first heap   total 45056K, used 16345K [0x0000000082e00000, 0x0000000100000000)
  region size 1024K, 1 young (1024K), 1 survivors (1024K)
 Metaspace       used 34427K, committed 34688K, reserved 1081344K
  class space    used 3808K, committed 3968K, reserved 1048576K
}
Event: 6.431 GC heap before
{Heap before GC invocations=8 (full 0):
 garbage-first heap   total 45056K, used 19417K [0x0000000082e00000, 0x0000000100000000)
  region size 1024K, 5 young (5120K), 1 survivors (1024K)
 Metaspace       used 35442K, committed 35712K, reserved 1081344K
  class space    used 3962K, committed 4096K, reserved 1048576K
}
Event: 6.436 GC heap after
{Heap after GC invocations=9 (full 0):
 garbage-first heap   total 45056K, used 16450K [0x0000000082e00000, 0x0000000100000000)
  region size 1024K, 2 young (2048K), 2 survivors (2048K)
 Metaspace       used 35442K, committed 35712K, reserved 1081344K
  class space    used 3962K, committed 4096K, reserved 1048576K
}
Event: 7.961 GC heap before
{Heap before GC invocations=9 (full 0):
 garbage-first heap   total 45056K, used 21570K [0x0000000082e00000, 0x0000000100000000)
  region size 1024K, 3 young (3072K), 2 survivors (2048K)
 Metaspace       used 35617K, committed 35840K, reserved 1081344K
  class space    used 3988K, committed 4096K, reserved 1048576K
}

