<?xml version="1.0" encoding="UTF-8"?>
<!-- Generated by org.testng.reporters.JUnitXMLReporter -->
<testsuite ignored="0" hostname="DESKTOP-FUG0H6V" failures="0" tests="3" name="chromeTest" time="78.718" errors="0" timestamp="2022-12-08T16:59:55 IST">
  <testcase classname="Practice2.Flipkart" name="Flipkartdemo" time="29.076"/>
  <testcase classname="Practice2.Amazon" name="Amazondemo" time="9.92"/>
  <testcase classname="Practice2.actitime" name="demo" time="16.241"/>
</testsuite> <!-- chromeTest -->
