<?xml version="1.0" encoding="UTF-8"?>
<!-- Generated by org.testng.reporters.JUnitXMLReporter -->
<testsuite ignored="0" hostname="DESKTOP-FUG0H6V" failures="0" tests="3" name="edgeTest" time="68.84" errors="0" timestamp="2022-12-08T16:59:45 IST">
  <testcase classname="Practice2.Flipkart" name="Flipkartdemo" time="29.856"/>
  <testcase classname="Practice2.Amazon" name="Amazondemo" time="8.087"/>
  <testcase classname="Practice2.actitime" name="demo" time="18.544"/>
</testsuite> <!-- edgeTest -->
