<?xml version="1.0" encoding="UTF-8"?>
<!-- Generated by org.testng.reporters.JUnitXMLReporter -->
<testsuite ignored="1" hostname="DESKTOP-FUG0H6V" failures="0" tests="2" name="Test" time="55.327" errors="0" timestamp="2022-12-08T12:55:28 IST">
  <testcase classname="Practice2.Flipkart" name="Flipkartdemo" time="27.042"/>
  <testcase classname="Practice2.actitime" name="demo" time="22.98"/>
  <testcase classname="Practice2.Amazon" name="Amazondemo" time="0.0">
    <ignored/>
  </testcase> <!-- Amazondemo -->
</testsuite> <!-- Test -->
