<?xml version="1.0" encoding="UTF-8"?>
<testng-results ignored="0" total="1" passed="1" failed="0" skipped="0">
  <reporter-output>
  </reporter-output>
  <suite started-at="2023-01-21T17:16:16 IST" name="Default suite" finished-at="2023-01-21T17:16:39 IST" duration-ms="23486">
    <groups>
    </groups>
    <test started-at="2023-01-21T17:16:16 IST" name="Default test" finished-at="2023-01-21T17:16:39 IST" duration-ms="23486">
      <class name="Practice2.actitime">
        <test-method is-config="true" signature="launchbrowser()[pri:0, instance:Practice2.actitime@2e6a8155]" started-at="2023-01-21T17:16:16 IST" name="launchbrowser" finished-at="2023-01-21T17:16:19 IST" duration-ms="3396" status="PASS">
          <reporter-output>
          </reporter-output>
        </test-method> <!-- launchbrowser -->
        <test-method is-config="true" signature="loginapplication()[pri:0, instance:Practice2.actitime@2e6a8155]" started-at="2023-01-21T17:16:19 IST" name="loginapplication" finished-at="2023-01-21T17:16:19 IST" duration-ms="1" status="PASS">
          <reporter-output>
          </reporter-output>
        </test-method> <!-- loginapplication -->
        <test-method signature="demo()[pri:0, instance:Practice2.actitime@2e6a8155]" started-at="2023-01-21T17:16:19 IST" name="demo" finished-at="2023-01-21T17:16:39 IST" duration-ms="19717" status="PASS">
          <reporter-output>
          </reporter-output>
        </test-method> <!-- demo -->
        <test-method is-config="true" signature="logoutapplication()[pri:0, instance:Practice2.actitime@2e6a8155]" started-at="2023-01-21T17:16:39 IST" name="logoutapplication" finished-at="2023-01-21T17:16:39 IST" duration-ms="3" status="PASS">
          <reporter-output>
          </reporter-output>
        </test-method> <!-- logoutapplication -->
        <test-method is-config="true" signature="closebrowser()[pri:0, instance:Practice2.actitime@2e6a8155]" started-at="2023-01-21T17:16:39 IST" name="closebrowser" finished-at="2023-01-21T17:16:39 IST" duration-ms="159" status="PASS">
          <reporter-output>
          </reporter-output>
        </test-method> <!-- closebrowser -->
      </class> <!-- Practice2.actitime -->
    </test> <!-- Default test -->
  </suite> <!-- Default suite -->
</testng-results>
