<?xml version="1.0" encoding="UTF-8"?>
<testng-results ignored="0" total="1" passed="1" failed="0" skipped="0">
  <reporter-output>
  </reporter-output>
  <suite started-at="2022-07-19T16:08:36 IST" name="Default suite" finished-at="2022-07-19T16:08:37 IST" duration-ms="94">
    <groups>
    </groups>
    <test started-at="2022-07-19T16:08:36 IST" name="Default test" finished-at="2022-07-19T16:08:37 IST" duration-ms="94">
      <class name="New.Newclass">
        <test-method signature="stat()[pri:0, instance:New.Newclass@194bcebf]" started-at="2022-07-19T16:08:37 IST" name="stat" finished-at="2022-07-19T16:08:37 IST" duration-ms="14" status="PASS">
          <reporter-output>
          </reporter-output>
        </test-method> <!-- stat -->
      </class> <!-- New.Newclass -->
    </test> <!-- Default test -->
  </suite> <!-- Default suite -->
</testng-results>
